[ 15-AUG-2018 12:13:18 ] - Connection Pool Created 
[ 15-AUG-2018 12:17:13 ] - Connection Pool Created 
[ 15-AUG-2018 12:25:59 ] - Connection Pool Created 
[ 15-AUG-2018 12:36:58 ] - BaseTargeting: {C1, Failed},{C2, Failed},{C3, Failed} 
[ 15-AUG-2018 13:12:40 ] - BaseTargeting: {C1, Passed},{C2, Passed},{C3, Failed} 
[ 15-AUG-2018 13:20:30 ] - Connection Pool Created 
[ 15-AUG-2018 13:22:14 ] - BaseTargeting: {C1, Passed},{C2, Passed},{C3, Failed} 
[ 15-AUG-2018 13:23:38 ] - Connection Pool Created 
[ 15-AUG-2018 13:23:51 ] - BaseTargeting: {C1, Passed},{C2, Passed},{C3, Failed} 
[ 15-AUG-2018 13:27:21 ] - Connection Pool Created 
[ 15-AUG-2018 13:27:33 ] - BaseTargeting: {C1, Passed},{C2, Passed},{C3, Failed} 
[ 15-AUG-2018 13:34:54 ] - BaseTargeting: {C1, Passed},{C2, Passed},{C3, Failed} 
[ 15-AUG-2018 13:35:18 ] - BaseTargeting: {C1, Passed},{C2, Passed},{C3, Failed} 
[ 15-AUG-2018 13:35:46 ] - BaseTargeting: {C1, Passed},{C2, Passed},{C3, Failed} 
[ 15-AUG-2018 13:41:7 ] - Connection Pool Created 
[ 15-AUG-2018 13:41:28 ] - BaseTargeting: {C1, Passed},{C2, Passed},{C3, Failed} 
[ 15-AUG-2018 14:27:27 ] - Connection Pool Created 
[ 15-AUG-2018 14:27:44 ] - BaseTargeting: {C1, Passed},{C2, Passed},{C3, Failed} 
[ 15-AUG-2018 14:30:55 ] - Connection Pool Created 
[ 15-AUG-2018 14:32:10 ] - BaseTargeting: {C1, Passed},{C2, Passed},{C3, Failed} 
[ 15-AUG-2018 14:33:11 ] - Connection Pool Created 
[ 15-AUG-2018 14:33:16 ] - BaseTargeting: {C1, Passed},{C2, Passed},{C3, Failed} 
[ 15-AUG-2018 14:35:44 ] - Connection Pool Created 
[ 15-AUG-2018 14:36:32 ] - BaseTargeting: {C1, Passed},{C2, Passed},{C3, Failed} 
[ 15-AUG-2018 14:41:22 ] - Connection Pool Created 
[ 15-AUG-2018 14:41:28 ] - BaseTargeting: {C1, Passed},{C2, Passed},{C3, Failed} 
[ 15-AUG-2018 14:41:28 ] - BudgetCheck: {C1, Failed},{C2, Failed} 
[ 15-AUG-2018 14:46:44 ] - Connection Pool Created 
[ 15-AUG-2018 14:47:12 ] - BaseTargeting: {C1, Passed},{C2, Passed},{C3, Failed} 
[ 15-AUG-2018 14:47:12 ] - BudgetCheck: {C1, Passed},{C2, Passed} 
[ 15-AUG-2018 14:49:29 ] - Connection Pool Created 
[ 15-AUG-2018 14:49:32 ] - BaseTargeting: {C1, Passed},{C2, Passed},{C3, Failed} 
[ 15-AUG-2018 14:49:32 ] - BudgetCheck: {C1, Passed},{C2, Passed} 
[ 15-AUG-2018 14:49:32 ] - BaseBid: {C1, Failed},{C2, Passed} 
[ 15-AUG-2018 14:49:32 ] - Winner = C2 
[ 15-AUG-2018 14:58:25 ] - BaseTargeting: {C1, Passed},{C2, Passed},{C3, Failed} 
[ 15-AUG-2018 14:58:25 ] - BudgetCheck: {C1, Passed},{C2, Passed} 
[ 15-AUG-2018 14:58:25 ] - BaseBid: {C1, Failed},{C2, Passed} 
[ 15-AUG-2018 14:58:25 ] - Winner = C2 
[ 15-AUG-2018 14:58:33 ] - BaseTargeting: {C1, Passed},{C2, Passed},{C3, Failed} 
[ 15-AUG-2018 14:58:33 ] - BudgetCheck: {C1, Passed},{C2, Passed} 
[ 15-AUG-2018 14:58:33 ] - BaseBid: {C1, Failed},{C2, Passed} 
[ 15-AUG-2018 14:58:33 ] - Winner = C2 
[ 15-AUG-2018 15:43:54 ] - Connection Pool Created 
[ 15-AUG-2018 16:17:1 ] - BaseTargeting: {C1, Passed},{C2, Passed},{C3, Failed} 
[ 15-AUG-2018 16:17:1 ] - BudgetCheck: {C1, Passed},{C2, Passed} 
[ 15-AUG-2018 16:17:1 ] - BaseBid: {C1, Failed},{C2, Passed} 
[ 15-AUG-2018 16:17:1 ] - Winner = C2 
[ 15-AUG-2018 16:39:48 ] - Connection Pool Created 
[ 15-AUG-2018 16:40:25 ] - BaseTargeting: {C1, Passed},{C2, Passed},{C3, Failed} 
[ 15-AUG-2018 16:40:25 ] - BudgetCheck: {C1, Passed},{C2, Passed} 
[ 15-AUG-2018 16:40:25 ] - BaseBid: {C1, Failed},{C2, Passed} 
[ 15-AUG-2018 16:40:25 ] - Winner = C2 
[ 15-AUG-2018 16:44:16 ] - Connection Pool Created 
[ 15-AUG-2018 16:48:36 ] - BaseTargeting: {C1, Passed},{C2, Passed},{C3, Failed} 
[ 15-AUG-2018 16:48:36 ] - BudgetCheck: {C1, Passed},{C2, Passed} 
[ 15-AUG-2018 16:48:36 ] - BaseBid: {C1, Failed},{C2, Passed} 
[ 15-AUG-2018 16:48:36 ] - Winner = C2 
[ 16-AUG-2018 11:12:12 ] - Connection Pool Created 
[ 16-AUG-2018 11:12:43 ] - BaseTargeting: {C1, Passed},{C2, Passed},{C3, Failed} 
[ 16-AUG-2018 11:12:43 ] - BudgetCheck: {C1, Passed},{C2, Passed} 
[ 16-AUG-2018 11:12:43 ] - BaseBid: {C1, Failed},{C2, Passed} 
[ 16-AUG-2018 11:12:43 ] - Winner = C2 
[ 16-AUG-2018 11:18:30 ] - Connection Pool Created 
